<?xml version="1.0" encoding="UTF-8"?>
<!-- Generated by org.testng.reporters.JUnitXMLReporter -->
<testsuite ignored="0" hostname="LAPTOP-5HE953J4" failures="0" tests="4" name="Default test" time="15.231" errors="0" timestamp="15 May 2024 14:40:29 GMT">
  <testcase classname="assignment.AssertionExtentReport" name="start" time="7.557"/>
  <testcase classname="assignment.AssertionExtentReport" name="enterusername" time="2.13"/>
  <testcase classname="assignment.AssertionExtentReport" name="enterPassword" time="0.074"/>
  <testcase classname="assignment.AssertionExtentReport" name="click" time="4.914"/>
</testsuite> <!-- Default test -->
