<?xml version="1.0" encoding="UTF-8"?>
<testng-results ignored="0" total="4" passed="4" failed="0" skipped="0">
  <reporter-output>
  </reporter-output>
  <suite started-at="2024-05-15T14:40:14Z" name="Default suite" finished-at="2024-05-15T14:40:29Z" duration-ms="15231">
    <groups>
    </groups>
    <test started-at="2024-05-15T14:40:14Z" name="Default test" finished-at="2024-05-15T14:40:29Z" duration-ms="15231">
      <class name="assignment.AssertionExtentReport">
        <test-method is-config="true" signature="reportconfig()[pri:0, instance:assignment.AssertionExtentReport@7b205dbd]" started-at="2024-05-15T14:40:14Z" name="reportconfig" finished-at="2024-05-15T14:40:14Z" duration-ms="235" status="PASS">
          <reporter-output>
          </reporter-output>
        </test-method> <!-- reportconfig -->
        <test-method signature="start()[pri:1, instance:assignment.AssertionExtentReport@7b205dbd]" started-at="2024-05-15T14:40:14Z" name="start" finished-at="2024-05-15T14:40:21Z" duration-ms="7557" status="PASS">
          <reporter-output>
          </reporter-output>
        </test-method> <!-- start -->
        <test-method signature="enterusername()[pri:2, instance:assignment.AssertionExtentReport@7b205dbd]" started-at="2024-05-15T14:40:21Z" name="enterusername" finished-at="2024-05-15T14:40:24Z" duration-ms="2130" status="PASS">
          <reporter-output>
          </reporter-output>
        </test-method> <!-- enterusername -->
        <test-method signature="enterPassword()[pri:3, instance:assignment.AssertionExtentReport@7b205dbd]" started-at="2024-05-15T14:40:24Z" name="enterPassword" finished-at="2024-05-15T14:40:24Z" duration-ms="74" status="PASS">
          <reporter-output>
          </reporter-output>
        </test-method> <!-- enterPassword -->
        <test-method signature="click()[pri:4, instance:assignment.AssertionExtentReport@7b205dbd]" started-at="2024-05-15T14:40:24Z" name="click" finished-at="2024-05-15T14:40:29Z" duration-ms="4914" status="PASS">
          <reporter-output>
          </reporter-output>
        </test-method> <!-- click -->
        <test-method is-config="true" signature="reportflush()[pri:0, instance:assignment.AssertionExtentReport@7b205dbd]" started-at="2024-05-15T14:40:29Z" name="reportflush" finished-at="2024-05-15T14:40:29Z" duration-ms="296" status="PASS">
          <reporter-output>
          </reporter-output>
        </test-method> <!-- reportflush -->
      </class> <!-- assignment.AssertionExtentReport -->
    </test> <!-- Default test -->
  </suite> <!-- Default suite -->
</testng-results>
